<?xml version="1.0" encoding="UTF-8"?>
<!-- Generated by org.testng.reporters.JUnitReportReporter -->
<testsuite hostname="MAVBCP3358" failures="0" tests="1" name="selenium_maven_example.Example" time="18.692" errors="0" timestamp="2021-09-23T09:52:45 IST" skipped="0">
  <testcase classname="selenium_maven_example.Example" name="selmav" time="18.692"/>
  <system-out/>
</testsuite> <!-- selenium_maven_example.Example -->
